2024-05-20 09:53:33.004  INFO 3186 --- [restartedMain] com.app.interview.murni.MainApplication  : Starting MainApplication on evaans-MacBook-Air.local with PID 3186 (/Users/evaanarifialhidayat/eclipse-workspace/pt-murni-solusindo-nusantara/target/classes started by evaanarifialhidayat in /Users/evaanarifialhidayat/eclipse-workspace/pt-murni-solusindo-nusantara)
2024-05-20 09:53:33.040  INFO 3186 --- [restartedMain] com.app.interview.murni.MainApplication  : No active profile set, falling back to default profiles: default
2024-05-20 09:53:44.803  INFO 3186 --- [restartedMain] com.app.interview.murni.MainApplication  : Started MainApplication in 18.093 seconds (JVM running for 19.706)
2024-05-20 09:53:44.812  INFO 3186 --- [restartedMain] com.app.interview.murni.MainApplication  : APLIKASI INTERVIEW PT MURNI SOLUSINDO NUSANTARA IS RUNING GOOD JOB.....
2024-05-20 09:54:02.299  WARN 3186 --- [http-nio-5005-exec-1] c.a.i.m.services.token.JwtRequestFilter  : JWT Token does not begin with Bearer String
2024-05-20 09:54:02.378  INFO 3186 --- [http-nio-5005-exec-1] c.a.i.murni.controller.IndexController   : Load view login sukses selamat menikmati...
2024-05-20 09:54:03.333  WARN 3186 --- [http-nio-5005-exec-6] c.a.i.m.services.token.JwtRequestFilter  : JWT Token does not begin with Bearer String
2024-05-20 09:54:03.333  WARN 3186 --- [http-nio-5005-exec-2] c.a.i.m.services.token.JwtRequestFilter  : JWT Token does not begin with Bearer String
2024-05-20 09:54:03.337  WARN 3186 --- [http-nio-5005-exec-4] c.a.i.m.services.token.JwtRequestFilter  : JWT Token does not begin with Bearer String
2024-05-20 09:54:03.343  WARN 3186 --- [http-nio-5005-exec-5] c.a.i.m.services.token.JwtRequestFilter  : JWT Token does not begin with Bearer String
2024-05-20 09:54:03.343  WARN 3186 --- [http-nio-5005-exec-3] c.a.i.m.services.token.JwtRequestFilter  : JWT Token does not begin with Bearer String
2024-05-20 09:54:03.371  WARN 3186 --- [http-nio-5005-exec-1] c.a.i.m.services.token.JwtRequestFilter  : JWT Token does not begin with Bearer String
2024-05-20 09:54:03.863  WARN 3186 --- [http-nio-5005-exec-7] c.a.i.m.services.token.JwtRequestFilter  : JWT Token does not begin with Bearer String
2024-05-20 09:54:04.166  WARN 3186 --- [http-nio-5005-exec-8] c.a.i.m.services.token.JwtRequestFilter  : JWT Token does not begin with Bearer String
2024-05-20 09:54:17.850  WARN 3186 --- [http-nio-5005-exec-9] c.a.i.m.services.token.JwtRequestFilter  : JWT Token does not begin with Bearer String
2024-05-20 09:54:18.375  INFO 3186 --- [http-nio-5005-exec-9] c.a.i.murni.controller.UserController    : Registrasi data sukses selamat menikmati...{"recid":98, "age":"18", "email":"sa@gmail.com", "password":"f6a34392haa5ea6cf64513cad82b7ab9b260b60750240cf8633d73bd99757c9b2fd0ede4d", "token":"null", "id_seq":"98"}
2024-05-20 09:54:18.420  WARN 3186 --- [http-nio-5005-exec-4] c.a.i.m.services.token.JwtRequestFilter  : JWT Token does not begin with Bearer String
2024-05-20 09:54:18.420  WARN 3186 --- [http-nio-5005-exec-10] c.a.i.m.services.token.JwtRequestFilter  : JWT Token does not begin with Bearer String
2024-05-20 09:54:18.422  WARN 3186 --- [http-nio-5005-exec-5] c.a.i.m.services.token.JwtRequestFilter  : JWT Token does not begin with Bearer String
2024-05-20 09:54:18.448  WARN 3186 --- [http-nio-5005-exec-2] c.a.i.m.services.token.JwtRequestFilter  : JWT Token does not begin with Bearer String
2024-05-20 09:54:18.470  WARN 3186 --- [http-nio-5005-exec-6] c.a.i.m.services.token.JwtRequestFilter  : JWT Token does not begin with Bearer String
2024-05-20 09:54:18.574  WARN 3186 --- [http-nio-5005-exec-9] c.a.i.m.services.token.JwtRequestFilter  : JWT Token does not begin with Bearer String
2024-05-20 09:54:18.757  WARN 3186 --- [http-nio-5005-exec-3] c.a.i.m.services.token.JwtRequestFilter  : JWT Token does not begin with Bearer String
2024-05-20 09:54:26.077  WARN 3186 --- [http-nio-5005-exec-1] c.a.i.m.services.token.JwtRequestFilter  : JWT Token does not begin with Bearer String
2024-05-20 09:54:26.111  INFO 3186 --- [http-nio-5005-exec-1] c.a.i.murni.controller.IndexController   : Load view dashboard sukses selamat menikmati...
2024-05-20 09:54:26.184  WARN 3186 --- [http-nio-5005-exec-7] c.a.i.m.services.token.JwtRequestFilter  : JWT Token does not begin with Bearer String
2024-05-20 09:54:26.231  WARN 3186 --- [http-nio-5005-exec-8] c.a.i.m.services.token.JwtRequestFilter  : JWT Token does not begin with Bearer String
2024-05-20 09:54:26.247  WARN 3186 --- [http-nio-5005-exec-2] c.a.i.m.services.token.JwtRequestFilter  : JWT Token does not begin with Bearer String
2024-05-20 09:54:26.254  WARN 3186 --- [http-nio-5005-exec-5] c.a.i.m.services.token.JwtRequestFilter  : JWT Token does not begin with Bearer String
2024-05-20 09:54:26.271  WARN 3186 --- [http-nio-5005-exec-7] c.a.i.m.services.token.JwtRequestFilter  : JWT Token does not begin with Bearer String
2024-05-20 09:54:26.352  WARN 3186 --- [http-nio-5005-exec-10] c.a.i.m.services.token.JwtRequestFilter  : JWT Token does not begin with Bearer String
2024-05-20 09:54:26.361  WARN 3186 --- [http-nio-5005-exec-8] c.a.i.m.services.token.JwtRequestFilter  : JWT Token does not begin with Bearer String
2024-05-20 09:54:26.380  WARN 3186 --- [http-nio-5005-exec-4] c.a.i.m.services.token.JwtRequestFilter  : JWT Token does not begin with Bearer String
2024-05-20 09:54:26.381  WARN 3186 --- [http-nio-5005-exec-9] c.a.i.m.services.token.JwtRequestFilter  : JWT Token does not begin with Bearer String
2024-05-20 09:54:26.386  WARN 3186 --- [http-nio-5005-exec-3] c.a.i.m.services.token.JwtRequestFilter  : JWT Token does not begin with Bearer String
2024-05-20 09:54:26.387  WARN 3186 --- [http-nio-5005-exec-4] c.a.i.m.services.token.JwtRequestFilter  : JWT Token does not begin with Bearer String
2024-05-20 09:54:26.410  WARN 3186 --- [http-nio-5005-exec-5] c.a.i.m.services.token.JwtRequestFilter  : JWT Token does not begin with Bearer String
2024-05-20 09:54:26.595  WARN 3186 --- [http-nio-5005-exec-7] c.a.i.m.services.token.JwtRequestFilter  : JWT Token does not begin with Bearer String
2024-05-20 09:54:26.599  WARN 3186 --- [http-nio-5005-exec-2] c.a.i.m.services.token.JwtRequestFilter  : JWT Token does not begin with Bearer String
2024-05-20 09:54:26.864  WARN 3186 --- [http-nio-5005-exec-1] c.a.i.m.services.token.JwtRequestFilter  : JWT Token does not begin with Bearer String
2024-05-20 09:56:55.395  INFO 3186 --- [restartedMain] com.app.interview.murni.MainApplication  : Starting MainApplication on evaans-MacBook-Air.local with PID 3186 (/Users/evaanarifialhidayat/eclipse-workspace/pt-murni-solusindo-nusantara/target/classes started by evaanarifialhidayat in /Users/evaanarifialhidayat/eclipse-workspace/pt-murni-solusindo-nusantara)
2024-05-20 09:56:55.401  INFO 3186 --- [restartedMain] com.app.interview.murni.MainApplication  : No active profile set, falling back to default profiles: default
2024-05-20 09:56:57.104  INFO 3186 --- [restartedMain] com.app.interview.murni.MainApplication  : Started MainApplication in 6.785 seconds (JVM running for 212.021)
2024-05-20 09:56:57.111  INFO 3186 --- [restartedMain] com.app.interview.murni.MainApplication  : APLIKASI INTERVIEW PT MURNI SOLUSINDO NUSANTARA IS RUNING GOOD JOB.....
2024-05-20 09:57:17.999  WARN 3186 --- [http-nio-5005-exec-1] c.a.i.m.services.token.JwtRequestFilter  : JWT Token does not begin with Bearer String
2024-05-20 09:57:20.184  WARN 3186 --- [http-nio-5005-exec-2] c.a.i.m.services.token.JwtRequestFilter  : JWT Token does not begin with Bearer String
2024-05-20 09:57:20.187  INFO 3186 --- [http-nio-5005-exec-2] c.a.i.murni.controller.IndexController   : Load view login sukses selamat menikmati...
2024-05-20 09:57:20.295  WARN 3186 --- [http-nio-5005-exec-3] c.a.i.m.services.token.JwtRequestFilter  : JWT Token does not begin with Bearer String
2024-05-20 09:57:20.306  WARN 3186 --- [http-nio-5005-exec-4] c.a.i.m.services.token.JwtRequestFilter  : JWT Token does not begin with Bearer String
2024-05-20 09:57:20.316  WARN 3186 --- [http-nio-5005-exec-5] c.a.i.m.services.token.JwtRequestFilter  : JWT Token does not begin with Bearer String
2024-05-20 09:57:20.323  WARN 3186 --- [http-nio-5005-exec-6] c.a.i.m.services.token.JwtRequestFilter  : JWT Token does not begin with Bearer String
2024-05-20 09:57:20.379  WARN 3186 --- [http-nio-5005-exec-3] c.a.i.m.services.token.JwtRequestFilter  : JWT Token does not begin with Bearer String
2024-05-20 09:57:20.677  WARN 3186 --- [http-nio-5005-exec-7] c.a.i.m.services.token.JwtRequestFilter  : JWT Token does not begin with Bearer String
2024-05-20 09:57:20.706  WARN 3186 --- [http-nio-5005-exec-8] c.a.i.m.services.token.JwtRequestFilter  : JWT Token does not begin with Bearer String
2024-05-20 09:57:33.348  WARN 3186 --- [http-nio-5005-exec-9] c.a.i.m.services.token.JwtRequestFilter  : JWT Token does not begin with Bearer String
2024-05-20 09:57:33.452  INFO 3186 --- [http-nio-5005-exec-9] c.a.i.murni.controller.UserController    : Registrasi data sukses selamat menikmati...{"recid":99, "age":"18", "email":"sb@gmail.com", "password":"lUTn3m5ml5b56904d8302ff621520233ba8b17fe171173b6157151251d98b7df6171c7731", "token":"null", "id_seq":"99"}
2024-05-20 09:57:33.496  WARN 3186 --- [http-nio-5005-exec-10] c.a.i.m.services.token.JwtRequestFilter  : JWT Token does not begin with Bearer String
2024-05-20 09:57:33.500  WARN 3186 --- [http-nio-5005-exec-2] c.a.i.m.services.token.JwtRequestFilter  : JWT Token does not begin with Bearer String
2024-05-20 09:57:33.498  WARN 3186 --- [http-nio-5005-exec-1] c.a.i.m.services.token.JwtRequestFilter  : JWT Token does not begin with Bearer String
2024-05-20 09:57:33.548  WARN 3186 --- [http-nio-5005-exec-6] c.a.i.m.services.token.JwtRequestFilter  : JWT Token does not begin with Bearer String
2024-05-20 09:57:33.581  WARN 3186 --- [http-nio-5005-exec-3] c.a.i.m.services.token.JwtRequestFilter  : JWT Token does not begin with Bearer String
2024-05-20 09:57:33.594  WARN 3186 --- [http-nio-5005-exec-6] c.a.i.m.services.token.JwtRequestFilter  : JWT Token does not begin with Bearer String
2024-05-20 09:57:33.808  WARN 3186 --- [http-nio-5005-exec-5] c.a.i.m.services.token.JwtRequestFilter  : JWT Token does not begin with Bearer String
2024-05-20 09:57:40.164  WARN 3186 --- [http-nio-5005-exec-7] c.a.i.m.services.token.JwtRequestFilter  : JWT Token does not begin with Bearer String
2024-05-20 09:57:40.186  INFO 3186 --- [http-nio-5005-exec-7] c.a.i.murni.controller.IndexController   : Load view dashboard sukses selamat menikmati...
2024-05-20 09:57:40.254  WARN 3186 --- [http-nio-5005-exec-8] c.a.i.m.services.token.JwtRequestFilter  : JWT Token does not begin with Bearer String
2024-05-20 09:57:40.265  WARN 3186 --- [http-nio-5005-exec-9] c.a.i.m.services.token.JwtRequestFilter  : JWT Token does not begin with Bearer String
2024-05-20 09:57:40.266  WARN 3186 --- [http-nio-5005-exec-1] c.a.i.m.services.token.JwtRequestFilter  : JWT Token does not begin with Bearer String
2024-05-20 09:57:40.272  WARN 3186 --- [http-nio-5005-exec-4] c.a.i.m.services.token.JwtRequestFilter  : JWT Token does not begin with Bearer String
2024-05-20 09:57:40.283  WARN 3186 --- [http-nio-5005-exec-3] c.a.i.m.services.token.JwtRequestFilter  : JWT Token does not begin with Bearer String
2024-05-20 09:57:40.348  WARN 3186 --- [http-nio-5005-exec-7] c.a.i.m.services.token.JwtRequestFilter  : JWT Token does not begin with Bearer String
2024-05-20 09:57:40.382  WARN 3186 --- [http-nio-5005-exec-6] c.a.i.m.services.token.JwtRequestFilter  : JWT Token does not begin with Bearer String
2024-05-20 09:57:40.382  WARN 3186 --- [http-nio-5005-exec-10] c.a.i.m.services.token.JwtRequestFilter  : JWT Token does not begin with Bearer String
2024-05-20 09:57:40.388  WARN 3186 --- [http-nio-5005-exec-2] c.a.i.m.services.token.JwtRequestFilter  : JWT Token does not begin with Bearer String
2024-05-20 09:57:40.404  WARN 3186 --- [http-nio-5005-exec-2] c.a.i.m.services.token.JwtRequestFilter  : JWT Token does not begin with Bearer String
2024-05-20 09:57:40.417  WARN 3186 --- [http-nio-5005-exec-6] c.a.i.m.services.token.JwtRequestFilter  : JWT Token does not begin with Bearer String
2024-05-20 09:57:40.442  WARN 3186 --- [http-nio-5005-exec-9] c.a.i.m.services.token.JwtRequestFilter  : JWT Token does not begin with Bearer String
2024-05-20 09:57:40.593  WARN 3186 --- [http-nio-5005-exec-8] c.a.i.m.services.token.JwtRequestFilter  : JWT Token does not begin with Bearer String
2024-05-20 09:57:40.594  WARN 3186 --- [http-nio-5005-exec-1] c.a.i.m.services.token.JwtRequestFilter  : JWT Token does not begin with Bearer String
2024-05-20 09:57:57.042  WARN 3186 --- [http-nio-5005-exec-3] c.a.i.m.services.token.JwtRequestFilter  : JWT Token does not begin with Bearer String
2024-05-20 09:57:57.068  INFO 3186 --- [http-nio-5005-exec-3] c.a.i.murni.controller.UserController    : List registrasi data sukses selamat menikmati...[{"recid":13, "age":"18", "email":"s@gmail.com", "password":"1in26ci21f74fea0acc43bb2ab07d5988a847a66bdf7b39d7350232d0839282aefeba75c7", "token":"null", "id_seq":"13"}, {"recid":14, "age":"18", "email":"evan@gmail.com", "password":"1in26ci21f74fea0acc43bb2ab07d5988a847a66bdf7b39d7350232d0839282aefeba75c7", "token":"null", "id_seq":"14"}, {"recid":98, "age":"18", "email":"sa@gmail.com", "password":"f6a34392haa5ea6cf64513cad82b7ab9b260b60750240cf8633d73bd99757c9b2fd0ede4d", "token":"null", "id_seq":"98"}, {"recid":99, "age":"18", "email":"sb@gmail.com", "password":"lUTn3m5ml5b56904d8302ff621520233ba8b17fe171173b6157151251d98b7df6171c7731", "token":"null", "id_seq":"99"}]
2024-05-20 09:57:57.149  WARN 3186 --- [http-nio-5005-exec-4] c.a.i.m.services.token.JwtRequestFilter  : JWT Token does not begin with Bearer String
2024-05-20 09:57:57.154  WARN 3186 --- [http-nio-5005-exec-5] c.a.i.m.services.token.JwtRequestFilter  : JWT Token does not begin with Bearer String
2024-05-20 09:57:57.161  WARN 3186 --- [http-nio-5005-exec-2] c.a.i.m.services.token.JwtRequestFilter  : JWT Token does not begin with Bearer String
2024-05-20 09:57:57.171  WARN 3186 --- [http-nio-5005-exec-6] c.a.i.m.services.token.JwtRequestFilter  : JWT Token does not begin with Bearer String
2024-05-20 09:57:57.252  WARN 3186 --- [http-nio-5005-exec-10] c.a.i.m.services.token.JwtRequestFilter  : JWT Token does not begin with Bearer String
2024-05-20 09:57:57.366  WARN 3186 --- [http-nio-5005-exec-9] c.a.i.m.services.token.JwtRequestFilter  : JWT Token does not begin with Bearer String
2024-05-20 09:57:57.366  WARN 3186 --- [http-nio-5005-exec-7] c.a.i.m.services.token.JwtRequestFilter  : JWT Token does not begin with Bearer String
2024-05-20 09:57:57.460  WARN 3186 --- [http-nio-5005-exec-8] c.a.i.m.services.token.JwtRequestFilter  : JWT Token does not begin with Bearer String
2024-05-20 09:57:57.461  WARN 3186 --- [http-nio-5005-exec-1] c.a.i.m.services.token.JwtRequestFilter  : JWT Token does not begin with Bearer String
2024-05-20 09:57:57.472  WARN 3186 --- [http-nio-5005-exec-1] c.a.i.m.services.token.JwtRequestFilter  : JWT Token does not begin with Bearer String
2024-05-20 09:57:57.474  WARN 3186 --- [http-nio-5005-exec-5] c.a.i.m.services.token.JwtRequestFilter  : JWT Token does not begin with Bearer String
2024-05-20 09:57:57.506  WARN 3186 --- [http-nio-5005-exec-2] c.a.i.m.services.token.JwtRequestFilter  : JWT Token does not begin with Bearer String
2024-05-20 09:57:57.515  WARN 3186 --- [http-nio-5005-exec-4] c.a.i.m.services.token.JwtRequestFilter  : JWT Token does not begin with Bearer String
2024-05-20 09:57:57.521  WARN 3186 --- [http-nio-5005-exec-10] c.a.i.m.services.token.JwtRequestFilter  : JWT Token does not begin with Bearer String
2024-05-20 09:57:57.556  WARN 3186 --- [http-nio-5005-exec-7] c.a.i.m.services.token.JwtRequestFilter  : JWT Token does not begin with Bearer String
2024-05-20 09:57:59.499  WARN 3186 --- [http-nio-5005-exec-9] c.a.i.m.services.token.JwtRequestFilter  : JWT Token does not begin with Bearer String
2024-05-20 09:58:25.832  WARN 3186 --- [http-nio-5005-exec-6] c.a.i.m.services.token.JwtRequestFilter  : JWT Token does not begin with Bearer String
2024-05-20 09:58:25.953  INFO 3186 --- [http-nio-5005-exec-6] c.a.i.murni.controller.UserController    : Update registrasi data sukses selamat menikmati...{"recid":99, "age":"19", "email":"sc@gmail.com", "password":"VAHBer3Md8c061ac66eb6a5ce5b6eee0d1b2dbbc63bee059a6cf9d0f882046766bf817fcc", "token":"null", "id_seq":"99"}
2024-05-20 09:58:25.981  WARN 3186 --- [http-nio-5005-exec-5] c.a.i.m.services.token.JwtRequestFilter  : JWT Token does not begin with Bearer String
2024-05-20 09:58:25.988  INFO 3186 --- [http-nio-5005-exec-5] c.a.i.murni.controller.UserController    : List registrasi data sukses selamat menikmati...[{"recid":13, "age":"18", "email":"s@gmail.com", "password":"1in26ci21f74fea0acc43bb2ab07d5988a847a66bdf7b39d7350232d0839282aefeba75c7", "token":"null", "id_seq":"13"}, {"recid":14, "age":"18", "email":"evan@gmail.com", "password":"1in26ci21f74fea0acc43bb2ab07d5988a847a66bdf7b39d7350232d0839282aefeba75c7", "token":"null", "id_seq":"14"}, {"recid":98, "age":"18", "email":"sa@gmail.com", "password":"f6a34392haa5ea6cf64513cad82b7ab9b260b60750240cf8633d73bd99757c9b2fd0ede4d", "token":"null", "id_seq":"98"}, {"recid":99, "age":"19", "email":"sc@gmail.com", "password":"VAHBer3Md8c061ac66eb6a5ce5b6eee0d1b2dbbc63bee059a6cf9d0f882046766bf817fcc", "token":"null", "id_seq":"99"}]
2024-05-20 09:58:26.071  WARN 3186 --- [http-nio-5005-exec-1] c.a.i.m.services.token.JwtRequestFilter  : JWT Token does not begin with Bearer String
2024-05-20 09:58:26.072  WARN 3186 --- [http-nio-5005-exec-8] c.a.i.m.services.token.JwtRequestFilter  : JWT Token does not begin with Bearer String
2024-05-20 09:58:26.082  WARN 3186 --- [http-nio-5005-exec-2] c.a.i.m.services.token.JwtRequestFilter  : JWT Token does not begin with Bearer String
2024-05-20 09:58:26.110  WARN 3186 --- [http-nio-5005-exec-4] c.a.i.m.services.token.JwtRequestFilter  : JWT Token does not begin with Bearer String
2024-05-20 09:58:26.118  WARN 3186 --- [http-nio-5005-exec-1] c.a.i.m.services.token.JwtRequestFilter  : JWT Token does not begin with Bearer String
2024-05-20 09:58:26.215  WARN 3186 --- [http-nio-5005-exec-7] c.a.i.m.services.token.JwtRequestFilter  : JWT Token does not begin with Bearer String
2024-05-20 09:58:26.217  WARN 3186 --- [http-nio-5005-exec-3] c.a.i.m.services.token.JwtRequestFilter  : JWT Token does not begin with Bearer String
2024-05-20 09:58:26.241  WARN 3186 --- [http-nio-5005-exec-9] c.a.i.m.services.token.JwtRequestFilter  : JWT Token does not begin with Bearer String
2024-05-20 09:58:26.245  WARN 3186 --- [http-nio-5005-exec-6] c.a.i.m.services.token.JwtRequestFilter  : JWT Token does not begin with Bearer String
2024-05-20 09:58:26.251  WARN 3186 --- [http-nio-5005-exec-6] c.a.i.m.services.token.JwtRequestFilter  : JWT Token does not begin with Bearer String
2024-05-20 09:58:26.251  WARN 3186 --- [http-nio-5005-exec-8] c.a.i.m.services.token.JwtRequestFilter  : JWT Token does not begin with Bearer String
2024-05-20 09:58:26.260  WARN 3186 --- [http-nio-5005-exec-10] c.a.i.m.services.token.JwtRequestFilter  : JWT Token does not begin with Bearer String
2024-05-20 09:58:26.283  WARN 3186 --- [http-nio-5005-exec-1] c.a.i.m.services.token.JwtRequestFilter  : JWT Token does not begin with Bearer String
2024-05-20 09:58:26.304  WARN 3186 --- [http-nio-5005-exec-2] c.a.i.m.services.token.JwtRequestFilter  : JWT Token does not begin with Bearer String
2024-05-20 09:58:26.314  WARN 3186 --- [http-nio-5005-exec-5] c.a.i.m.services.token.JwtRequestFilter  : JWT Token does not begin with Bearer String
2024-05-20 09:58:41.018  WARN 3186 --- [http-nio-5005-exec-7] c.a.i.m.services.token.JwtRequestFilter  : JWT Token does not begin with Bearer String
2024-05-20 09:58:41.038  INFO 3186 --- [http-nio-5005-exec-7] c.a.i.murni.controller.UserController    : List registrasi data sukses selamat menikmati...[{"recid":13, "age":"18", "email":"s@gmail.com", "password":"1in26ci21f74fea0acc43bb2ab07d5988a847a66bdf7b39d7350232d0839282aefeba75c7", "token":"null", "id_seq":"13"}, {"recid":14, "age":"18", "email":"evan@gmail.com", "password":"1in26ci21f74fea0acc43bb2ab07d5988a847a66bdf7b39d7350232d0839282aefeba75c7", "token":"null", "id_seq":"14"}, {"recid":98, "age":"18", "email":"sa@gmail.com", "password":"f6a34392haa5ea6cf64513cad82b7ab9b260b60750240cf8633d73bd99757c9b2fd0ede4d", "token":"null", "id_seq":"98"}, {"recid":99, "age":"19", "email":"sc@gmail.com", "password":"VAHBer3Md8c061ac66eb6a5ce5b6eee0d1b2dbbc63bee059a6cf9d0f882046766bf817fcc", "token":"null", "id_seq":"99"}]
2024-05-20 09:58:41.116  WARN 3186 --- [http-nio-5005-exec-3] c.a.i.m.services.token.JwtRequestFilter  : JWT Token does not begin with Bearer String
2024-05-20 09:58:41.116  WARN 3186 --- [http-nio-5005-exec-6] c.a.i.m.services.token.JwtRequestFilter  : JWT Token does not begin with Bearer String
2024-05-20 09:58:41.124  WARN 3186 --- [http-nio-5005-exec-3] c.a.i.m.services.token.JwtRequestFilter  : JWT Token does not begin with Bearer String
2024-05-20 09:58:41.153  WARN 3186 --- [http-nio-5005-exec-4] c.a.i.m.services.token.JwtRequestFilter  : JWT Token does not begin with Bearer String
2024-05-20 09:58:41.180  WARN 3186 --- [http-nio-5005-exec-3] c.a.i.m.services.token.JwtRequestFilter  : JWT Token does not begin with Bearer String
2024-05-20 09:58:41.358  WARN 3186 --- [http-nio-5005-exec-1] c.a.i.m.services.token.JwtRequestFilter  : JWT Token does not begin with Bearer String
2024-05-20 09:58:41.358  WARN 3186 --- [http-nio-5005-exec-8] c.a.i.m.services.token.JwtRequestFilter  : JWT Token does not begin with Bearer String
2024-05-20 09:58:41.358  WARN 3186 --- [http-nio-5005-exec-9] c.a.i.m.services.token.JwtRequestFilter  : JWT Token does not begin with Bearer String
2024-05-20 09:58:41.490  WARN 3186 --- [http-nio-5005-exec-2] c.a.i.m.services.token.JwtRequestFilter  : JWT Token does not begin with Bearer String
2024-05-20 09:58:41.503  WARN 3186 --- [http-nio-5005-exec-5] c.a.i.m.services.token.JwtRequestFilter  : JWT Token does not begin with Bearer String
2024-05-20 09:58:41.528  WARN 3186 --- [http-nio-5005-exec-10] c.a.i.m.services.token.JwtRequestFilter  : JWT Token does not begin with Bearer String
2024-05-20 09:58:41.528  WARN 3186 --- [http-nio-5005-exec-7] c.a.i.m.services.token.JwtRequestFilter  : JWT Token does not begin with Bearer String
2024-05-20 09:58:41.933  WARN 3186 --- [http-nio-5005-exec-4] c.a.i.m.services.token.JwtRequestFilter  : JWT Token does not begin with Bearer String
2024-05-20 09:58:41.933  WARN 3186 --- [http-nio-5005-exec-6] c.a.i.m.services.token.JwtRequestFilter  : JWT Token does not begin with Bearer String
2024-05-20 09:58:42.181  WARN 3186 --- [http-nio-5005-exec-3] c.a.i.m.services.token.JwtRequestFilter  : JWT Token does not begin with Bearer String
2024-05-20 09:58:42.182  INFO 3186 --- [http-nio-5005-exec-3] c.a.i.murni.controller.IndexController   : Load view login sukses selamat menikmati...
2024-05-20 09:58:42.291  WARN 3186 --- [http-nio-5005-exec-1] c.a.i.m.services.token.JwtRequestFilter  : JWT Token does not begin with Bearer String
2024-05-20 09:58:42.293  WARN 3186 --- [http-nio-5005-exec-8] c.a.i.m.services.token.JwtRequestFilter  : JWT Token does not begin with Bearer String
2024-05-20 09:58:42.292  WARN 3186 --- [http-nio-5005-exec-9] c.a.i.m.services.token.JwtRequestFilter  : JWT Token does not begin with Bearer String
2024-05-20 09:58:42.310  WARN 3186 --- [http-nio-5005-exec-1] c.a.i.m.services.token.JwtRequestFilter  : JWT Token does not begin with Bearer String
2024-05-20 09:58:42.365  WARN 3186 --- [http-nio-5005-exec-5] c.a.i.m.services.token.JwtRequestFilter  : JWT Token does not begin with Bearer String
2024-05-20 09:58:42.650  WARN 3186 --- [http-nio-5005-exec-10] c.a.i.m.services.token.JwtRequestFilter  : JWT Token does not begin with Bearer String
2024-05-20 09:58:42.844  WARN 3186 --- [http-nio-5005-exec-7] c.a.i.m.services.token.JwtRequestFilter  : JWT Token does not begin with Bearer String
2024-05-20 09:58:52.997  WARN 3186 --- [http-nio-5005-exec-4] c.a.i.m.services.token.JwtRequestFilter  : JWT Token does not begin with Bearer String
2024-05-20 09:58:53.016  INFO 3186 --- [http-nio-5005-exec-4] c.a.i.murni.controller.IndexController   : Load view dashboard sukses selamat menikmati...
2024-05-20 09:58:53.076  WARN 3186 --- [http-nio-5005-exec-6] c.a.i.m.services.token.JwtRequestFilter  : JWT Token does not begin with Bearer String
2024-05-20 09:58:53.083  WARN 3186 --- [http-nio-5005-exec-4] c.a.i.m.services.token.JwtRequestFilter  : JWT Token does not begin with Bearer String
2024-05-20 09:58:53.087  WARN 3186 --- [http-nio-5005-exec-3] c.a.i.m.services.token.JwtRequestFilter  : JWT Token does not begin with Bearer String
2024-05-20 09:58:53.099  WARN 3186 --- [http-nio-5005-exec-4] c.a.i.m.services.token.JwtRequestFilter  : JWT Token does not begin with Bearer String
2024-05-20 09:58:53.099  WARN 3186 --- [http-nio-5005-exec-1] c.a.i.m.services.token.JwtRequestFilter  : JWT Token does not begin with Bearer String
2024-05-20 09:58:53.099  WARN 3186 --- [http-nio-5005-exec-6] c.a.i.m.services.token.JwtRequestFilter  : JWT Token does not begin with Bearer String
2024-05-20 09:58:53.115  WARN 3186 --- [http-nio-5005-exec-2] c.a.i.m.services.token.JwtRequestFilter  : JWT Token does not begin with Bearer String
2024-05-20 09:58:53.131  WARN 3186 --- [http-nio-5005-exec-2] c.a.i.m.services.token.JwtRequestFilter  : JWT Token does not begin with Bearer String
2024-05-20 09:58:53.137  WARN 3186 --- [http-nio-5005-exec-3] c.a.i.m.services.token.JwtRequestFilter  : JWT Token does not begin with Bearer String
2024-05-20 09:58:53.138  WARN 3186 --- [http-nio-5005-exec-2] c.a.i.m.services.token.JwtRequestFilter  : JWT Token does not begin with Bearer String
2024-05-20 09:58:53.148  WARN 3186 --- [http-nio-5005-exec-8] c.a.i.m.services.token.JwtRequestFilter  : JWT Token does not begin with Bearer String
2024-05-20 09:58:53.418  WARN 3186 --- [http-nio-5005-exec-5] c.a.i.m.services.token.JwtRequestFilter  : JWT Token does not begin with Bearer String
2024-05-20 09:58:53.418  WARN 3186 --- [http-nio-5005-exec-10] c.a.i.m.services.token.JwtRequestFilter  : JWT Token does not begin with Bearer String
2024-05-20 09:58:56.519  WARN 3186 --- [http-nio-5005-exec-7] c.a.i.m.services.token.JwtRequestFilter  : JWT Token does not begin with Bearer String
2024-05-20 09:58:58.041  WARN 3186 --- [http-nio-5005-exec-4] c.a.i.m.services.token.JwtRequestFilter  : JWT Token does not begin with Bearer String
2024-05-20 09:58:58.066  INFO 3186 --- [http-nio-5005-exec-4] c.a.i.murni.controller.UserController    : List registrasi data sukses selamat menikmati...[{"recid":13, "age":"18", "email":"s@gmail.com", "password":"1in26ci21f74fea0acc43bb2ab07d5988a847a66bdf7b39d7350232d0839282aefeba75c7", "token":"null", "id_seq":"13"}, {"recid":14, "age":"18", "email":"evan@gmail.com", "password":"1in26ci21f74fea0acc43bb2ab07d5988a847a66bdf7b39d7350232d0839282aefeba75c7", "token":"null", "id_seq":"14"}, {"recid":98, "age":"18", "email":"sa@gmail.com", "password":"f6a34392haa5ea6cf64513cad82b7ab9b260b60750240cf8633d73bd99757c9b2fd0ede4d", "token":"null", "id_seq":"98"}, {"recid":99, "age":"19", "email":"sc@gmail.com", "password":"VAHBer3Md8c061ac66eb6a5ce5b6eee0d1b2dbbc63bee059a6cf9d0f882046766bf817fcc", "token":"null", "id_seq":"99"}]
2024-05-20 09:58:58.137  WARN 3186 --- [http-nio-5005-exec-6] c.a.i.m.services.token.JwtRequestFilter  : JWT Token does not begin with Bearer String
2024-05-20 09:58:58.150  WARN 3186 --- [http-nio-5005-exec-9] c.a.i.m.services.token.JwtRequestFilter  : JWT Token does not begin with Bearer String
2024-05-20 09:58:58.154  WARN 3186 --- [http-nio-5005-exec-6] c.a.i.m.services.token.JwtRequestFilter  : JWT Token does not begin with Bearer String
2024-05-20 09:58:58.164  WARN 3186 --- [http-nio-5005-exec-3] c.a.i.m.services.token.JwtRequestFilter  : JWT Token does not begin with Bearer String
2024-05-20 09:58:58.165  WARN 3186 --- [http-nio-5005-exec-2] c.a.i.m.services.token.JwtRequestFilter  : JWT Token does not begin with Bearer String
2024-05-20 09:58:58.167  WARN 3186 --- [http-nio-5005-exec-4] c.a.i.m.services.token.JwtRequestFilter  : JWT Token does not begin with Bearer String
2024-05-20 09:58:58.181  WARN 3186 --- [http-nio-5005-exec-4] c.a.i.m.services.token.JwtRequestFilter  : JWT Token does not begin with Bearer String
2024-05-20 09:58:58.189  WARN 3186 --- [http-nio-5005-exec-3] c.a.i.m.services.token.JwtRequestFilter  : JWT Token does not begin with Bearer String
2024-05-20 09:58:58.216  WARN 3186 --- [http-nio-5005-exec-8] c.a.i.m.services.token.JwtRequestFilter  : JWT Token does not begin with Bearer String
2024-05-20 09:58:58.237  WARN 3186 --- [http-nio-5005-exec-5] c.a.i.m.services.token.JwtRequestFilter  : JWT Token does not begin with Bearer String
2024-05-20 09:58:58.253  WARN 3186 --- [http-nio-5005-exec-5] c.a.i.m.services.token.JwtRequestFilter  : JWT Token does not begin with Bearer String
2024-05-20 09:58:58.289  WARN 3186 --- [http-nio-5005-exec-9] c.a.i.m.services.token.JwtRequestFilter  : JWT Token does not begin with Bearer String
2024-05-20 09:58:58.521  WARN 3186 --- [http-nio-5005-exec-7] c.a.i.m.services.token.JwtRequestFilter  : JWT Token does not begin with Bearer String
2024-05-20 09:58:58.526  WARN 3186 --- [http-nio-5005-exec-10] c.a.i.m.services.token.JwtRequestFilter  : JWT Token does not begin with Bearer String
2024-05-20 09:59:00.404  WARN 3186 --- [http-nio-5005-exec-1] c.a.i.m.services.token.JwtRequestFilter  : JWT Token does not begin with Bearer String
2024-05-20 09:59:01.514  WARN 3186 --- [http-nio-5005-exec-8] c.a.i.m.services.token.JwtRequestFilter  : JWT Token does not begin with Bearer String
2024-05-20 09:59:01.683  INFO 3186 --- [http-nio-5005-exec-8] c.a.i.murni.controller.UserController    : Deleted registrasi data sukses selamat menikmati...
2024-05-20 09:59:01.696  WARN 3186 --- [http-nio-5005-exec-5] c.a.i.m.services.token.JwtRequestFilter  : JWT Token does not begin with Bearer String
2024-05-20 09:59:01.705  INFO 3186 --- [http-nio-5005-exec-5] c.a.i.murni.controller.UserController    : List registrasi data sukses selamat menikmati...[{"recid":13, "age":"18", "email":"s@gmail.com", "password":"1in26ci21f74fea0acc43bb2ab07d5988a847a66bdf7b39d7350232d0839282aefeba75c7", "token":"null", "id_seq":"13"}, {"recid":14, "age":"18", "email":"evan@gmail.com", "password":"1in26ci21f74fea0acc43bb2ab07d5988a847a66bdf7b39d7350232d0839282aefeba75c7", "token":"null", "id_seq":"14"}, {"recid":98, "age":"18", "email":"sa@gmail.com", "password":"f6a34392haa5ea6cf64513cad82b7ab9b260b60750240cf8633d73bd99757c9b2fd0ede4d", "token":"null", "id_seq":"98"}]
2024-05-20 09:59:01.762  WARN 3186 --- [http-nio-5005-exec-9] c.a.i.m.services.token.JwtRequestFilter  : JWT Token does not begin with Bearer String
2024-05-20 09:59:01.767  WARN 3186 --- [http-nio-5005-exec-3] c.a.i.m.services.token.JwtRequestFilter  : JWT Token does not begin with Bearer String
2024-05-20 09:59:01.778  WARN 3186 --- [http-nio-5005-exec-5] c.a.i.m.services.token.JwtRequestFilter  : JWT Token does not begin with Bearer String
2024-05-20 09:59:01.787  WARN 3186 --- [http-nio-5005-exec-9] c.a.i.m.services.token.JwtRequestFilter  : JWT Token does not begin with Bearer String
2024-05-20 09:59:01.792  WARN 3186 --- [http-nio-5005-exec-3] c.a.i.m.services.token.JwtRequestFilter  : JWT Token does not begin with Bearer String
2024-05-20 09:59:01.802  WARN 3186 --- [http-nio-5005-exec-4] c.a.i.m.services.token.JwtRequestFilter  : JWT Token does not begin with Bearer String
2024-05-20 09:59:01.808  WARN 3186 --- [http-nio-5005-exec-5] c.a.i.m.services.token.JwtRequestFilter  : JWT Token does not begin with Bearer String
2024-05-20 09:59:01.828  WARN 3186 --- [http-nio-5005-exec-9] c.a.i.m.services.token.JwtRequestFilter  : JWT Token does not begin with Bearer String
2024-05-20 09:59:01.831  WARN 3186 --- [http-nio-5005-exec-6] c.a.i.m.services.token.JwtRequestFilter  : JWT Token does not begin with Bearer String
2024-05-20 09:59:01.811  WARN 3186 --- [http-nio-5005-exec-2] c.a.i.m.services.token.JwtRequestFilter  : JWT Token does not begin with Bearer String
2024-05-20 09:59:01.842  WARN 3186 --- [http-nio-5005-exec-9] c.a.i.m.services.token.JwtRequestFilter  : JWT Token does not begin with Bearer String
2024-05-20 09:59:01.828  WARN 3186 --- [http-nio-5005-exec-5] c.a.i.m.services.token.JwtRequestFilter  : JWT Token does not begin with Bearer String
2024-05-20 09:59:02.154  WARN 3186 --- [http-nio-5005-exec-10] c.a.i.m.services.token.JwtRequestFilter  : JWT Token does not begin with Bearer String
2024-05-20 09:59:02.154  WARN 3186 --- [http-nio-5005-exec-1] c.a.i.m.services.token.JwtRequestFilter  : JWT Token does not begin with Bearer String
2024-05-20 09:59:09.583  WARN 3186 --- [http-nio-5005-exec-8] c.a.i.m.services.token.JwtRequestFilter  : JWT Token does not begin with Bearer String
2024-05-20 09:59:09.585  INFO 3186 --- [http-nio-5005-exec-8] c.a.i.murni.controller.IndexController   : Load view login sukses selamat menikmati...
2024-05-20 09:59:09.636  WARN 3186 --- [http-nio-5005-exec-3] c.a.i.m.services.token.JwtRequestFilter  : JWT Token does not begin with Bearer String
2024-05-20 09:59:09.636  WARN 3186 --- [http-nio-5005-exec-2] c.a.i.m.services.token.JwtRequestFilter  : JWT Token does not begin with Bearer String
2024-05-20 09:59:09.651  WARN 3186 --- [http-nio-5005-exec-7] c.a.i.m.services.token.JwtRequestFilter  : JWT Token does not begin with Bearer String
2024-05-20 09:59:09.652  WARN 3186 --- [http-nio-5005-exec-3] c.a.i.m.services.token.JwtRequestFilter  : JWT Token does not begin with Bearer String
2024-05-20 09:59:09.710  WARN 3186 --- [http-nio-5005-exec-5] c.a.i.m.services.token.JwtRequestFilter  : JWT Token does not begin with Bearer String
2024-05-20 09:59:10.080  WARN 3186 --- [http-nio-5005-exec-4] c.a.i.m.services.token.JwtRequestFilter  : JWT Token does not begin with Bearer String
2024-05-20 09:59:10.128  WARN 3186 --- [http-nio-5005-exec-9] c.a.i.m.services.token.JwtRequestFilter  : JWT Token does not begin with Bearer String
2024-05-20 09:59:11.643  WARN 3186 --- [http-nio-5005-exec-10] c.a.i.m.services.token.JwtRequestFilter  : JWT Token does not begin with Bearer String
2024-05-20 09:59:11.689  INFO 3186 --- [http-nio-5005-exec-10] c.a.i.murni.controller.UserController    : List avarage score data sukses selamat menikmati...[{"recid":75, "name":"Kevin", "score":"80", "emotion":"Happy", "created_string":"2020-02-20", "id":"75"}, {"recid":76, "name":"Josh", "score":"90", "emotion":"Sad", "created_string":"2020-02-20", "id":"76"}, {"recid":77, "name":"Kevin", "score":"85", "emotion":"Happy", "created_string":"2020-02-20", "id":"77"}, {"recid":78, "name":"Kevin", "score":"75", "emotion":"Sad", "created_string":"2020-02-20", "id":"78"}, {"recid":79, "name":"Josh", "score":"65", "emotion":"Angry", "created_string":"2020-02-20", "id":"79"}, {"recid":80, "name":"David", "score":"85", "emotion":"Happy", "created_string":"2020-02-21", "id":"80"}, {"recid":81, "name":"Josh", "score":"90", "emotion":"Sad", "created_string":"2020-02-21", "id":"81"}, {"recid":82, "name":"David", "score":"75", "emotion":"Sad", "created_string":"2020-02-21", "id":"82"}, {"recid":83, "name":"Josh", "score":"85", "emotion":"Sad", "created_string":"2020-02-21", "id":"83"}, {"recid":84, "name":"Josh", "score":"70", "emotion":"Happy", "created_string":"2020-02-21", "id":"84"}, {"recid":85, "name":"Kevin", "score":"80", "emotion":"Sad", "created_string":"2020-02-21", "id":"85"}, {"recid":86, "name":"Kevin", "score":"73", "emotion":"Sad", "created_string":"2020-02-22", "id":"86"}, {"recid":87, "name":"Kevin", "score":"75", "emotion":"Angry", "created_string":"2020-02-22", "id":"87"}, {"recid":88, "name":"David", "score":"82", "emotion":"Sad", "created_string":"2020-02-22", "id":"88"}, {"recid":89, "name":"David", "score":"65", "emotion":"Sad", "created_string":"2020-02-22", "id":"89"}]
2024-05-20 09:59:11.926  WARN 3186 --- [http-nio-5005-exec-1] c.a.i.m.services.token.JwtRequestFilter  : JWT Token does not begin with Bearer String
2024-05-20 09:59:11.932  WARN 3186 --- [http-nio-5005-exec-8] c.a.i.m.services.token.JwtRequestFilter  : JWT Token does not begin with Bearer String
2024-05-20 09:59:11.937  WARN 3186 --- [http-nio-5005-exec-8] c.a.i.m.services.token.JwtRequestFilter  : JWT Token does not begin with Bearer String
2024-05-20 09:59:11.960  WARN 3186 --- [http-nio-5005-exec-8] c.a.i.m.services.token.JwtRequestFilter  : JWT Token does not begin with Bearer String
2024-05-20 09:59:12.070  WARN 3186 --- [http-nio-5005-exec-5] c.a.i.m.services.token.JwtRequestFilter  : JWT Token does not begin with Bearer String
2024-05-20 09:59:12.096  WARN 3186 --- [http-nio-5005-exec-7] c.a.i.m.services.token.JwtRequestFilter  : JWT Token does not begin with Bearer String
2024-05-20 09:59:12.104  WARN 3186 --- [http-nio-5005-exec-2] c.a.i.m.services.token.JwtRequestFilter  : JWT Token does not begin with Bearer String
2024-05-20 09:59:12.143  WARN 3186 --- [http-nio-5005-exec-4] c.a.i.m.services.token.JwtRequestFilter  : JWT Token does not begin with Bearer String
2024-05-20 09:59:12.152  WARN 3186 --- [http-nio-5005-exec-4] c.a.i.m.services.token.JwtRequestFilter  : JWT Token does not begin with Bearer String
2024-05-20 09:59:12.152  WARN 3186 --- [http-nio-5005-exec-9] c.a.i.m.services.token.JwtRequestFilter  : JWT Token does not begin with Bearer String
2024-05-20 09:59:12.152  WARN 3186 --- [http-nio-5005-exec-6] c.a.i.m.services.token.JwtRequestFilter  : JWT Token does not begin with Bearer String
2024-05-20 09:59:12.152  WARN 3186 --- [http-nio-5005-exec-3] c.a.i.m.services.token.JwtRequestFilter  : JWT Token does not begin with Bearer String
2024-05-20 09:59:12.155  WARN 3186 --- [http-nio-5005-exec-6] c.a.i.m.services.token.JwtRequestFilter  : JWT Token does not begin with Bearer String
2024-05-20 09:59:12.160  WARN 3186 --- [http-nio-5005-exec-9] c.a.i.m.services.token.JwtRequestFilter  : JWT Token does not begin with Bearer String
2024-05-20 09:59:12.172  WARN 3186 --- [http-nio-5005-exec-9] c.a.i.m.services.token.JwtRequestFilter  : JWT Token does not begin with Bearer String
2024-05-20 09:59:12.180  WARN 3186 --- [http-nio-5005-exec-8] c.a.i.m.services.token.JwtRequestFilter  : JWT Token does not begin with Bearer String
2024-05-20 09:59:15.071  WARN 3186 --- [http-nio-5005-exec-2] c.a.i.m.services.token.JwtRequestFilter  : JWT Token does not begin with Bearer String
2024-05-20 09:59:15.081  INFO 3186 --- [http-nio-5005-exec-2] c.a.i.murni.controller.IndexController   : Load view login sukses selamat menikmati...
2024-05-20 09:59:15.150  WARN 3186 --- [http-nio-5005-exec-7] c.a.i.m.services.token.JwtRequestFilter  : JWT Token does not begin with Bearer String
2024-05-20 09:59:15.206  WARN 3186 --- [http-nio-5005-exec-6] c.a.i.m.services.token.JwtRequestFilter  : JWT Token does not begin with Bearer String
2024-05-20 09:59:15.232  WARN 3186 --- [http-nio-5005-exec-6] c.a.i.m.services.token.JwtRequestFilter  : JWT Token does not begin with Bearer String
2024-05-20 09:59:15.241  WARN 3186 --- [http-nio-5005-exec-4] c.a.i.m.services.token.JwtRequestFilter  : JWT Token does not begin with Bearer String
2024-05-20 09:59:15.316  WARN 3186 --- [http-nio-5005-exec-9] c.a.i.m.services.token.JwtRequestFilter  : JWT Token does not begin with Bearer String
2024-05-20 09:59:15.381  WARN 3186 --- [http-nio-5005-exec-1] c.a.i.m.services.token.JwtRequestFilter  : JWT Token does not begin with Bearer String
2024-05-20 09:59:15.790  WARN 3186 --- [http-nio-5005-exec-10] c.a.i.m.services.token.JwtRequestFilter  : JWT Token does not begin with Bearer String
2024-05-20 09:59:22.321  WARN 3186 --- [http-nio-5005-exec-5] c.a.i.m.services.token.JwtRequestFilter  : JWT Token does not begin with Bearer String
2024-05-20 09:59:22.332 ERROR 3186 --- [http-nio-5005-exec-5] c.a.i.murni.controller.IndexController   : Ada masalah karena email dan password sudah terdaftar (DUPLICATE) silahkan hubungi admin...
2024-05-20 09:59:22.370  WARN 3186 --- [http-nio-5005-exec-5] c.a.i.m.services.token.JwtRequestFilter  : JWT Token does not begin with Bearer String
2024-05-20 09:59:22.377  WARN 3186 --- [http-nio-5005-exec-8] c.a.i.m.services.token.JwtRequestFilter  : JWT Token does not begin with Bearer String
2024-05-20 09:59:22.401  WARN 3186 --- [http-nio-5005-exec-2] c.a.i.m.services.token.JwtRequestFilter  : JWT Token does not begin with Bearer String
2024-05-20 09:59:22.403  WARN 3186 --- [http-nio-5005-exec-8] c.a.i.m.services.token.JwtRequestFilter  : JWT Token does not begin with Bearer String
2024-05-20 09:59:22.415  WARN 3186 --- [http-nio-5005-exec-5] c.a.i.m.services.token.JwtRequestFilter  : JWT Token does not begin with Bearer String
2024-05-20 09:59:22.446  WARN 3186 --- [http-nio-5005-exec-3] c.a.i.m.services.token.JwtRequestFilter  : JWT Token does not begin with Bearer String
2024-05-20 09:59:22.627  WARN 3186 --- [http-nio-5005-exec-1] c.a.i.m.services.token.JwtRequestFilter  : JWT Token does not begin with Bearer String
